<?xml version="1.0" encoding="UTF-8"?>
<!-- Generated by org.testng.reporters.JUnitReportReporter -->
<testsuite hostname="Sathya" failures="0" tests="1" name="highlevel.CalendarAutomation" time="316.792" errors="0" timestamp="2022-11-15T20:43:46 IST" skipped="0">
  <testcase classname="highlevel.CalendarAutomation" name="TC_01_createAppointmentandValidateTimeZone" time="316.792"/>
  <system-out/>
</testsuite> <!-- highlevel.CalendarAutomation -->
